This is pdfTeX, Version 3.141592653-2.6-1.40.28 (MiKTeX 25.12) (preloaded format=pdflatex 2026.4.6)  30 MAY 2026 09:59
entering extended mode
 restricted \write18 enabled.
 file:line:error style messages enabled.
 %&-line parsing enabled.
**d:/Cuong/AI-City-Challenge-2026-Track3/docs/docs_latex/main.tex
(d:/Cuong/AI-City-Challenge-2026-Track3/docs/docs_latex/main.tex
LaTeX2e <2025-11-01>
L3 programming layer <2025-12-24>
(D:\Cuong\Latex\tex/latex/beamer\beamer.cls
Document Class: beamer 2026/01/22 v3.77 A class for typesetting presentations
(D:\Cuong\Latex\tex/latex/beamer\beamerbasemodes.sty (D:\Cuong\Latex\tex/latex/etoolbox\etoolbox.sty
Package: etoolbox 2025/10/02 v2.5m e-TeX tools for LaTeX (JAW)
\etb@tempcnta=\count275
)
\beamer@tempbox=\box53
\beamer@tempcount=\count276
\c@beamerpauses=\count277
 (D:\Cuong\Latex\tex/latex/beamer\beamerbasedecode.sty
\beamer@slideinframe=\count278
\beamer@minimum=\count279
\beamer@decode@box=\box54
)
\beamer@commentbox=\box55
\beamer@modecount=\count280
) (D:\Cuong\Latex\tex/generic/iftex\iftex.sty
Package: iftex 2024/12/12 v1.0g TeX engine tests
)
\headdp=\dimen148
\footheight=\dimen149
\sidebarheight=\dimen150
\beamer@tempdim=\dimen151
\beamer@finalheight=\dimen152
\beamer@animht=\dimen153
\beamer@animdp=\dimen154
\beamer@animwd=\dimen155
\beamer@leftmargin=\dimen156
\beamer@rightmargin=\dimen157
\beamer@leftsidebar=\dimen158
\beamer@rightsidebar=\dimen159
\beamer@boxsize=\dimen160
\beamer@vboxoffset=\dimen161
\beamer@descdefault=\dimen162
\beamer@descriptionwidth=\dimen163
\beamer@lastskip=\skip49
\beamer@areabox=\box56
\beamer@animcurrent=\box57
\beamer@animshowbox=\box58
\beamer@sectionbox=\box59
\beamer@logobox=\box60
\beamer@linebox=\box61
\beamer@sectioncount=\count281
\beamer@subsubsectionmax=\count282
\beamer@subsectionmax=\count283
\beamer@sectionmax=\count284
\beamer@totalheads=\count285
\beamer@headcounter=\count286
\beamer@partstartpage=\count287
\beamer@sectionstartpage=\count288
\beamer@subsectionstartpage=\count289
\beamer@animationtempa=\count290
\beamer@animationtempb=\count291
\beamer@xpos=\count292
\beamer@ypos=\count293
\beamer@ypos@offset=\count294
\beamer@showpartnumber=\count295
\beamer@currentsubsection=\count296
\beamer@coveringdepth=\count297
\beamer@sectionadjust=\count298
\beamer@toclastsection=\count299
\beamer@tocsectionnumber=\count300
 (D:\Cuong\Latex\tex/latex/beamer\beamerbaseoptions.sty (D:\Cuong\Latex\tex/latex/graphics\keyval.sty
Package: keyval 2022/05/29 v1.15 key=value parser (DPC)
\KV@toks@=\toks17
))
\beamer@paperwidth=\skip50
\beamer@paperheight=\skip51
 (D:\Cuong\Latex\tex/latex/geometry\geometry.sty
Package: geometry 2026/03/07 v6.0 Page Geometry
 (D:\Cuong\Latex\tex/generic/iftex\ifvtex.sty
Package: ifvtex 2019/10/25 v1.7 ifvtex legacy package. Use iftex instead.
)
\Gm@cnth=\count301
\Gm@cntv=\count302
\c@Gm@tempcnt=\count303
\Gm@bindingoffset=\dimen164
\Gm@wd@mp=\dimen165
\Gm@odd@mp=\dimen166
\Gm@even@mp=\dimen167
\Gm@layoutwidth=\dimen168
\Gm@layoutheight=\dimen169
\Gm@layouthoffset=\dimen170
\Gm@layoutvoffset=\dimen171
\Gm@dimlist=\toks18
 (D:\Cuong\Latex\tex/latex/geometry\geometry.cfg)) (D:\Cuong\Latex\tex/latex/pgf/math\pgfmath.sty (D:\Cuong\Latex\tex/latex/pgf/utilities\pgfrcs.sty (D:\Cuong\Latex\tex/generic/pgf/utilities\pgfutil-common.tex
\pgfutil@everybye=\toks19
\pgfutil@tempdima=\dimen172
\pgfutil@tempdimb=\dimen173
) (D:\Cuong\Latex\tex/generic/pgf/utilities\pgfutil-latex.def
\pgfutil@abb=\box62
) (D:\Cuong\Latex\tex/generic/pgf/utilities\pgfrcs.code.tex (D:\Cuong\Latex\tex/generic/pgf\pgf.revision.tex)
Package: pgfrcs 2025-08-29 v3.1.11a (3.1.11a)
)) (D:\Cuong\Latex\tex/latex/pgf/utilities\pgfkeys.sty (D:\Cuong\Latex\tex/generic/pgf/utilities\pgfkeys.code.tex
\pgfkeys@pathtoks=\toks20
\pgfkeys@temptoks=\toks21
 (D:\Cuong\Latex\tex/generic/pgf/utilities\pgfkeyslibraryfiltered.code.tex
\pgfkeys@tmptoks=\toks22
))) (D:\Cuong\Latex\tex/generic/pgf/math\pgfmath.code.tex (D:\Cuong\Latex\tex/generic/pgf/math\pgfmathutil.code.tex
\pgf@x=\dimen174
\pgf@xa=\dimen175
\pgf@xb=\dimen176
\pgf@xc=\dimen177
\pgf@y=\dimen178
\pgf@ya=\dimen179
\pgf@yb=\dimen180
\pgf@yc=\dimen181
\c@pgf@counta=\count304
\c@pgf@countb=\count305
\c@pgf@countc=\count306
\c@pgf@countd=\count307
) (D:\Cuong\Latex\tex/generic/pgf/math\pgfmathparser.code.tex
\pgfmath@dimen=\dimen182
\pgfmath@count=\count308
\pgfmath@box=\box63
\pgfmath@toks=\toks23
\pgfmath@stack@operand=\toks24
\pgfmath@stack@operation=\toks25
) (D:\Cuong\Latex\tex/generic/pgf/math\pgfmathfunctions.code.tex) (D:\Cuong\Latex\tex/generic/pgf/math\pgfmathfunctions.basic.code.tex) (D:\Cuong\Latex\tex/generic/pgf/math\pgfmathfunctions.trigonometric.code.tex) (D:\Cuong\Latex\tex/generic/pgf/math\pgfmathfunctions.random.code.tex) (D:\Cuong\Latex\tex/generic/pgf/math\pgfmathfunctions.comparison.code.tex) (D:\Cuong\Latex\tex/generic/pgf/math\pgfmathfunctions.base.code.tex) (D:\Cuong\Latex\tex/generic/pgf/math\pgfmathfunctions.round.code.tex) (D:\Cuong\Latex\tex/generic/pgf/math\pgfmathfunctions.misc.code.tex) (D:\Cuong\Latex\tex/generic/pgf/math\pgfmathfunctions.integerarithmetics.code.tex) (D:\Cuong\Latex\tex/generic/pgf/math\pgfmathcalc.code.tex) (D:\Cuong\Latex\tex/generic/pgf/math\pgfmathfloat.code.tex
\c@pgfmathroundto@lastzeros=\count309
))) (D:\Cuong\Latex\tex/latex/base\size11.clo
File: size11.clo 2025/01/22 v1.4n Standard LaTeX file (size option)
) (D:\Cuong\Latex\tex/latex/pgf/basiclayer\pgfcore.sty (D:\Cuong\Latex\tex/latex/graphics\graphicx.sty
Package: graphicx 2024/12/31 v1.2e Enhanced LaTeX Graphics (DPC,SPQR)
 (D:\Cuong\Latex\tex/latex/graphics\graphics.sty
Package: graphics 2024/08/06 v1.4g Standard LaTeX Graphics (DPC,SPQR)
 (D:\Cuong\Latex\tex/latex/graphics\trig.sty
Package: trig 2023/12/02 v1.11 sin cos tan (DPC)
) (D:\Cuong\Latex\tex/latex/graphics-cfg\graphics.cfg
File: graphics.cfg 2016/06/04 v1.11 sample graphics configuration
)
Package graphics Info: Driver file: pdftex.def on input line 106.
 (D:\Cuong\Latex\tex/latex/graphics-def\pdftex.def
File: pdftex.def 2025/09/29 v1.2d Graphics/color driver for pdftex
))
\Gin@req@height=\dimen183
\Gin@req@width=\dimen184
) (D:\Cuong\Latex\tex/latex/pgf/systemlayer\pgfsys.sty (D:\Cuong\Latex\tex/generic/pgf/systemlayer\pgfsys.code.tex
Package: pgfsys 2025-08-29 v3.1.11a (3.1.11a)
\pgf@x=\dimen185
\pgf@y=\dimen186
\pgf@xa=\dimen187
\pgf@ya=\dimen188
\pgf@xb=\dimen189
\pgf@yb=\dimen190
\pgf@xc=\dimen191
\pgf@yc=\dimen192
\pgf@xd=\dimen193
\pgf@yd=\dimen194
\w@pgf@writea=\write3
\r@pgf@reada=\read2
\c@pgf@counta=\count310
\c@pgf@countb=\count311
\c@pgf@countc=\count312
\c@pgf@countd=\count313
\t@pgf@toka=\toks26
\t@pgf@tokb=\toks27
\t@pgf@tokc=\toks28
\pgf@sys@id@count=\count314
 (D:\Cuong\Latex\tex/generic/pgf/systemlayer\pgf.cfg
File: pgf.cfg 2025-08-29 v3.1.11a (3.1.11a)
)
Driver file for pgf: pgfsys-pdftex.def
 (D:\Cuong\Latex\tex/generic/pgf/systemlayer\pgfsys-pdftex.def
File: pgfsys-pdftex.def 2025-08-29 v3.1.11a (3.1.11a)
 (D:\Cuong\Latex\tex/generic/pgf/systemlayer\pgfsys-common-pdf.def
File: pgfsys-common-pdf.def 2025-08-29 v3.1.11a (3.1.11a)
))) (D:\Cuong\Latex\tex/generic/pgf/systemlayer\pgfsyssoftpath.code.tex
File: pgfsyssoftpath.code.tex 2025-08-29 v3.1.11a (3.1.11a)
\pgfsyssoftpath@smallbuffer@items=\count315
\pgfsyssoftpath@bigbuffer@items=\count316
) (D:\Cuong\Latex\tex/generic/pgf/systemlayer\pgfsysprotocol.code.tex
File: pgfsysprotocol.code.tex 2025-08-29 v3.1.11a (3.1.11a)
)) (D:\Cuong\Latex\tex/latex/xcolor\xcolor.sty
Package: xcolor 2024/09/29 v3.02 LaTeX color extensions (UK)
 (D:\Cuong\Latex\tex/latex/graphics-cfg\color.cfg
File: color.cfg 2016/01/02 v1.6 sample color configuration
)
Package xcolor Info: Driver file: pdftex.def on input line 274.
 (D:\Cuong\Latex\tex/latex/graphics\mathcolor.ltx)
Package xcolor Info: Model `cmy' substituted by `cmy0' on input line 1349.
Package xcolor Info: Model `hsb' substituted by `rgb' on input line 1353.
Package xcolor Info: Model `RGB' extended on input line 1365.
Package xcolor Info: Model `HTML' substituted by `rgb' on input line 1367.
Package xcolor Info: Model `Hsb' substituted by `hsb' on input line 1368.
Package xcolor Info: Model `tHsb' substituted by `hsb' on input line 1369.
Package xcolor Info: Model `HSB' substituted by `hsb' on input line 1370.
Package xcolor Info: Model `Gray' substituted by `gray' on input line 1371.
Package xcolor Info: Model `wave' substituted by `hsb' on input line 1372.
) (D:\Cuong\Latex\tex/generic/pgf/basiclayer\pgfcore.code.tex
Package: pgfcore 2025-08-29 v3.1.11a (3.1.11a)
 (D:\Cuong\Latex\tex/generic/pgf/math\pgfint.code.tex) (D:\Cuong\Latex\tex/generic/pgf/basiclayer\pgfcorepoints.code.tex
File: pgfcorepoints.code.tex 2025-08-29 v3.1.11a (3.1.11a)
\pgf@picminx=\dimen195
\pgf@picmaxx=\dimen196
\pgf@picminy=\dimen197
\pgf@picmaxy=\dimen198
\pgf@pathminx=\dimen199
\pgf@pathmaxx=\dimen256
\pgf@pathminy=\dimen257
\pgf@pathmaxy=\dimen258
\pgf@xx=\dimen259
\pgf@xy=\dimen260
\pgf@yx=\dimen261
\pgf@yy=\dimen262
\pgf@zx=\dimen263
\pgf@zy=\dimen264
) (D:\Cuong\Latex\tex/generic/pgf/basiclayer\pgfcorepathconstruct.code.tex
File: pgfcorepathconstruct.code.tex 2025-08-29 v3.1.11a (3.1.11a)
\pgf@path@lastx=\dimen265
\pgf@path@lasty=\dimen266
) (D:\Cuong\Latex\tex/generic/pgf/basiclayer\pgfcorepathusage.code.tex
File: pgfcorepathusage.code.tex 2025-08-29 v3.1.11a (3.1.11a)
\pgf@shorten@end@additional=\dimen267
\pgf@shorten@start@additional=\dimen268
) (D:\Cuong\Latex\tex/generic/pgf/basiclayer\pgfcorescopes.code.tex
File: pgfcorescopes.code.tex 2025-08-29 v3.1.11a (3.1.11a)
\pgfpic=\box64
\pgf@hbox=\box65
\pgf@layerbox@main=\box66
\pgf@picture@serial@count=\count317
) (D:\Cuong\Latex\tex/generic/pgf/basiclayer\pgfcoregraphicstate.code.tex
File: pgfcoregraphicstate.code.tex 2025-08-29 v3.1.11a (3.1.11a)
\pgflinewidth=\dimen269
) (D:\Cuong\Latex\tex/generic/pgf/basiclayer\pgfcoretransformations.code.tex
File: pgfcoretransformations.code.tex 2025-08-29 v3.1.11a (3.1.11a)
\pgf@pt@x=\dimen270
\pgf@pt@y=\dimen271
\pgf@pt@temp=\dimen272
) (D:\Cuong\Latex\tex/generic/pgf/basiclayer\pgfcorequick.code.tex
File: pgfcorequick.code.tex 2025-08-29 v3.1.11a (3.1.11a)
) (D:\Cuong\Latex\tex/generic/pgf/basiclayer\pgfcoreobjects.code.tex
File: pgfcoreobjects.code.tex 2025-08-29 v3.1.11a (3.1.11a)
) (D:\Cuong\Latex\tex/generic/pgf/basiclayer\pgfcorepathprocessing.code.tex
File: pgfcorepathprocessing.code.tex 2025-08-29 v3.1.11a (3.1.11a)
) (D:\Cuong\Latex\tex/generic/pgf/basiclayer\pgfcorearrows.code.tex
File: pgfcorearrows.code.tex 2025-08-29 v3.1.11a (3.1.11a)
\pgfarrowsep=\dimen273
) (D:\Cuong\Latex\tex/generic/pgf/basiclayer\pgfcoreshade.code.tex
File: pgfcoreshade.code.tex 2025-08-29 v3.1.11a (3.1.11a)
\pgf@max=\dimen274
\pgf@sys@shading@range@num=\count318
\pgf@shadingcount=\count319
) (D:\Cuong\Latex\tex/generic/pgf/basiclayer\pgfcoreimage.code.tex
File: pgfcoreimage.code.tex 2025-08-29 v3.1.11a (3.1.11a)
) (D:\Cuong\Latex\tex/generic/pgf/basiclayer\pgfcoreexternal.code.tex
File: pgfcoreexternal.code.tex 2025-08-29 v3.1.11a (3.1.11a)
\pgfexternal@startupbox=\box67
) (D:\Cuong\Latex\tex/generic/pgf/basiclayer\pgfcorelayers.code.tex
File: pgfcorelayers.code.tex 2025-08-29 v3.1.11a (3.1.11a)
) (D:\Cuong\Latex\tex/generic/pgf/basiclayer\pgfcoretransparency.code.tex
File: pgfcoretransparency.code.tex 2025-08-29 v3.1.11a (3.1.11a)
) (D:\Cuong\Latex\tex/generic/pgf/basiclayer\pgfcorepatterns.code.tex
File: pgfcorepatterns.code.tex 2025-08-29 v3.1.11a (3.1.11a)
) (D:\Cuong\Latex\tex/generic/pgf/basiclayer\pgfcorerdf.code.tex
File: pgfcorerdf.code.tex 2025-08-29 v3.1.11a (3.1.11a)
))) (D:\Cuong\Latex\tex/latex/pgf/utilities\xxcolor.sty
Package: xxcolor 2003/10/24 ver 0.1
\XC@nummixins=\count320
\XC@countmixins=\count321
) (D:\Cuong\Latex\tex/latex/base\atbegshi-ltx.sty
Package: atbegshi-ltx 2021/01/10 v1.0c Emulation of the original atbegshi
package with kernel methods
) (D:\Cuong\Latex\tex/latex/hyperref\hyperref.sty
Package: hyperref 2025-07-12 v7.01o Hypertext links for LaTeX
 (D:\Cuong\Latex\tex/latex/kvsetkeys\kvsetkeys.sty
Package: kvsetkeys 2022-10-05 v1.19 Key value parser (HO)
) (D:\Cuong\Latex\tex/generic/kvdefinekeys\kvdefinekeys.sty
Package: kvdefinekeys 2019-12-19 v1.6 Define keys (HO)
) (D:\Cuong\Latex\tex/generic/pdfescape\pdfescape.sty
Package: pdfescape 2019/12/09 v1.15 Implements pdfTeX's escape features (HO)
 (D:\Cuong\Latex\tex/generic/ltxcmds\ltxcmds.sty
Package: ltxcmds 2023-12-04 v1.26 LaTeX kernel commands for general use (HO)
) (D:\Cuong\Latex\tex/generic/pdftexcmds\pdftexcmds.sty
Package: pdftexcmds 2020-06-27 v0.33 Utility functions of pdfTeX for LuaTeX (HO)
 (D:\Cuong\Latex\tex/generic/infwarerr\infwarerr.sty
Package: infwarerr 2019/12/03 v1.5 Providing info/warning/error messages (HO)
)
Package pdftexcmds Info: \pdf@primitive is available.
Package pdftexcmds Info: \pdf@ifprimitive is available.
Package pdftexcmds Info: \pdfdraftmode found.
)) (D:\Cuong\Latex\tex/latex/hycolor\hycolor.sty
Package: hycolor 2020-01-27 v1.10 Color options for hyperref/bookmark (HO)
) (D:\Cuong\Latex\tex/latex/hyperref\nameref.sty
Package: nameref 2025-06-21 v2.57 Cross-referencing by name of section
 (D:\Cuong\Latex\tex/latex/refcount\refcount.sty
Package: refcount 2019/12/15 v3.6 Data extraction from label references (HO)
) (D:\Cuong\Latex\tex/generic/gettitlestring\gettitlestring.sty
Package: gettitlestring 2019/12/15 v1.6 Cleanup title references (HO)
 (D:\Cuong\Latex\tex/latex/kvoptions\kvoptions.sty
Package: kvoptions 2022-06-15 v3.15 Key value format for package options (HO)
))
\c@section@level=\count322
) (D:\Cuong\Latex\tex/generic/stringenc\stringenc.sty
Package: stringenc 2019/11/29 v1.12 Convert strings between diff. encodings (HO)
)
\@linkdim=\dimen275
\Hy@linkcounter=\count323
\Hy@pagecounter=\count324
 (D:\Cuong\Latex\tex/latex/hyperref\pd1enc.def
File: pd1enc.def 2025-07-12 v7.01o Hyperref: PDFDocEncoding definition (HO)
Now handling font encoding PD1 ...
... no UTF-8 mapping file for font encoding PD1
) (D:\Cuong\Latex\tex/generic/intcalc\intcalc.sty
Package: intcalc 2019/12/15 v1.3 Expandable calculations with integers (HO)
)
\Hy@SavedSpaceFactor=\count325
 (D:\Cuong\Latex\tex/latex/hyperref\puenc.def
File: puenc.def 2025-07-12 v7.01o Hyperref: PDF Unicode definition (HO)
Now handling font encoding PU ...
... no UTF-8 mapping file for font encoding PU
)
Package hyperref Info: Option `bookmarks' set `true' on input line 4066.
Package hyperref Info: Option `bookmarksopen' set `true' on input line 4066.
Package hyperref Info: Option `implicit' set `false' on input line 4066.
Package hyperref Info: Hyper figures OFF on input line 4195.
Package hyperref Info: Link nesting OFF on input line 4200.
Package hyperref Info: Hyper index ON on input line 4203.
Package hyperref Info: Plain pages OFF on input line 4210.
Package hyperref Info: Backreferencing OFF on input line 4215.
Package hyperref Info: Implicit mode OFF; no redefinition of LaTeX internals.
Package hyperref Info: Bookmarks ON on input line 4462.
\c@Hy@tempcnt=\count326
 (D:\Cuong\Latex\tex/latex/url\url.sty
\Urlmuskip=\muskip17
Package: url 2013/09/16  ver 3.4  Verb mode for urls, etc.
)
LaTeX Info: Redefining \url on input line 4801.
\XeTeXLinkMargin=\dimen276
 (D:\Cuong\Latex\tex/generic/bitset\bitset.sty
Package: bitset 2019/12/09 v1.3 Handle bit-vector datatype (HO)
 (D:\Cuong\Latex\tex/generic/bigintcalc\bigintcalc.sty
Package: bigintcalc 2019/12/15 v1.5 Expandable calculations on big integers (HO)
))
\Fld@menulength=\count327
\Field@Width=\dimen277
\Fld@charsize=\dimen278
Package hyperref Info: Hyper figures OFF on input line 6078.
Package hyperref Info: Link nesting OFF on input line 6083.
Package hyperref Info: Hyper index ON on input line 6086.
Package hyperref Info: backreferencing OFF on input line 6093.
Package hyperref Info: Link coloring OFF on input line 6098.
Package hyperref Info: Link coloring with OCG OFF on input line 6103.
Package hyperref Info: PDF/A mode OFF on input line 6108.
\Hy@abspage=\count328


Package hyperref Message: Stopped early.

)
Package hyperref Info: Driver (autodetected): hpdftex.
 (D:\Cuong\Latex\tex/latex/hyperref\hpdftex.def
File: hpdftex.def 2025-07-12 v7.01o Hyperref driver for pdfTeX
\Fld@listcount=\count329
\c@bookmark@seq@number=\count330
 (D:\Cuong\Latex\tex/latex/rerunfilecheck\rerunfilecheck.sty
Package: rerunfilecheck 2025-06-21 v1.11 Rerun checks for auxiliary files (HO)
 (D:\Cuong\Latex\tex/generic/uniquecounter\uniquecounter.sty
Package: uniquecounter 2019/12/15 v1.4 Provide unlimited unique counter (HO)
)
Package uniquecounter Info: New unique counter `rerunfilecheck' on input line 284.
)) (D:\Cuong\Latex\tex/latex/beamer\beamerbaserequires.sty (D:\Cuong\Latex\tex/latex/beamer\beamerbasecompatibility.sty) (D:\Cuong\Latex\tex/latex/beamer\beamerbasefont.sty (D:\Cuong\Latex\tex/latex/amsfonts\amssymb.sty
Package: amssymb 2013/01/14 v3.01 AMS font symbols
 (D:\Cuong\Latex\tex/latex/amsfonts\amsfonts.sty
Package: amsfonts 2013/01/14 v3.01 Basic AMSFonts support
\@emptytoks=\toks29
\symAMSa=\mathgroup4
\symAMSb=\mathgroup5
LaTeX Font Info:    Redeclaring math symbol \hbar on input line 98.
LaTeX Font Info:    Overwriting math alphabet `\mathfrak' in version `bold'
(Font)                  U/euf/m/n --> U/euf/b/n on input line 106.
)) (D:\Cuong\Latex\tex/latex/sansmathaccent\sansmathaccent.sty
Package: sansmathaccent 2020/01/31
 (D:\Cuong\Latex\tex/latex/koma-script\scrlfile.sty
Package: scrlfile 2026/02/02 v3.49.2 KOMA-Script package (file load hooks)
 (D:\Cuong\Latex\tex/latex/koma-script\scrlfile-hook.sty
Package: scrlfile-hook 2026/02/02 v3.49.2 KOMA-Script package (using LaTeX hooks)
 (D:\Cuong\Latex\tex/latex/koma-script\scrlogo.sty
Package: scrlogo 2026/02/02 v3.49.2 KOMA-Script package (logo)
))))) (D:\Cuong\Latex\tex/latex/beamer\beamerbasetranslator.sty (D:\Cuong\Latex\tex/latex/translator\translator.sty
Package: translator 2021-05-31 v1.12d Easy translation of strings in LaTeX
)) (D:\Cuong\Latex\tex/latex/beamer\beamerbasemisc.sty) (D:\Cuong\Latex\tex/latex/beamer\beamerbasetwoscreens.sty) (D:\Cuong\Latex\tex/latex/beamer\beamerbaseoverlay.sty
\beamer@argscount=\count331
\beamer@lastskipcover=\skip52
\beamer@trivlistdepth=\count332
) (D:\Cuong\Latex\tex/latex/beamer\beamerbasetitle.sty) (D:\Cuong\Latex\tex/latex/beamer\beamerbasesection.sty
\c@lecture=\count333
\c@part=\count334
\c@section=\count335
\c@subsection=\count336
\c@subsubsection=\count337
) (D:\Cuong\Latex\tex/latex/beamer\beamerbaseframe.sty
\beamer@framebox=\box68
\beamer@frametitlebox=\box69
\beamer@zoombox=\box70
\beamer@zoomcount=\count338
\beamer@zoomframecount=\count339
\beamer@frametextheight=\dimen279
\c@subsectionslide=\count340
\beamer@frametopskip=\skip53
\beamer@framebottomskip=\skip54
\beamer@frametopskipautobreak=\skip55
\beamer@framebottomskipautobreak=\skip56
\beamer@envbody=\toks30
\framewidth=\dimen280
\c@framenumber=\count341
) (D:\Cuong\Latex\tex/latex/beamer\beamerbaseverbatim.sty
\beamer@verbatimfileout=\write4
) (D:\Cuong\Latex\tex/latex/beamer\beamerbaseframesize.sty
\beamer@splitbox=\box71
\beamer@autobreakcount=\count342
\beamer@autobreaklastheight=\dimen281
\beamer@frametitletoks=\toks31
\beamer@framesubtitletoks=\toks32
) (D:\Cuong\Latex\tex/latex/beamer\beamerbaseframecomponents.sty
\beamer@colheight=\skip57
\beamer@footins=\box72
) (D:\Cuong\Latex\tex/latex/beamer\beamerbasecolor.sty) (D:\Cuong\Latex\tex/latex/beamer\beamerbasenotes.sty
\beamer@frameboxcopy=\box73
) (D:\Cuong\Latex\tex/latex/beamer\beamerbasetoc.sty) (D:\Cuong\Latex\tex/latex/beamer\beamerbasetemplates.sty
\beamer@sbttoks=\toks33
 (D:\Cuong\Latex\tex/latex/beamer\beamerbaseauxtemplates.sty (D:\Cuong\Latex\tex/latex/beamer\beamerbaseboxes.sty
\bmb@box=\box74
\bmb@colorbox=\box75
\bmb@boxwidth=\dimen282
\bmb@boxheight=\dimen283
\bmb@prevheight=\dimen284
\bmb@temp=\dimen285
\bmb@dima=\dimen286
\bmb@dimb=\dimen287
\bmb@prevheight=\dimen288
)
\beamer@blockheadheight=\dimen289
)) (D:\Cuong\Latex\tex/latex/beamer\beamerbaselocalstructure.sty (D:\Cuong\Latex\tex/latex/tools\enumerate.sty
Package: enumerate 2023/07/04 v3.00 enumerate extensions (DPC)
\@enLab=\toks34
)
\beamer@bibiconwidth=\skip58
\c@figure=\count343
\c@table=\count344
\abovecaptionskip=\skip59
\belowcaptionskip=\skip60
) (D:\Cuong\Latex\tex/latex/beamer\beamerbasenavigation.sty (D:\Cuong\Latex\tex/latex/beamer\beamerbasenavigationsymbols.tex)
\beamer@section@min@dim=\dimen290
) (D:\Cuong\Latex\tex/latex/beamer\beamerbasetheorems.sty (D:\Cuong\Latex\tex/latex/amsmath\amsmath.sty
Package: amsmath 2025/07/09 v2.17z AMS math features
\@mathmargin=\skip61

For additional information on amsmath, use the `?' option.
(D:\Cuong\Latex\tex/latex/amsmath\amstext.sty
Package: amstext 2024/11/17 v2.01 AMS text
 (D:\Cuong\Latex\tex/latex/amsmath\amsgen.sty
File: amsgen.sty 1999/11/30 v2.0 generic functions
\@emptytoks=\toks35
\ex@=\dimen291
)) (D:\Cuong\Latex\tex/latex/amsmath\amsbsy.sty
Package: amsbsy 1999/11/29 v1.2d Bold Symbols
\pmbraise@=\dimen292
) (D:\Cuong\Latex\tex/latex/amsmath\amsopn.sty
Package: amsopn 2022/04/08 v2.04 operator names
)
\inf@bad=\count345
LaTeX Info: Redefining \frac on input line 233.
\uproot@=\count346
\leftroot@=\count347
LaTeX Info: Redefining \overline on input line 398.
LaTeX Info: Redefining \colon on input line 409.
\classnum@=\count348
\DOTSCASE@=\count349
LaTeX Info: Redefining \ldots on input line 495.
LaTeX Info: Redefining \dots on input line 498.
LaTeX Info: Redefining \cdots on input line 619.
\Mathstrutbox@=\box76
\strutbox@=\box77
LaTeX Info: Redefining \big on input line 721.
LaTeX Info: Redefining \Big on input line 722.
LaTeX Info: Redefining \bigg on input line 723.
LaTeX Info: Redefining \Bigg on input line 724.
\big@size=\dimen293
LaTeX Font Info:    Redeclaring font encoding OML on input line 742.
LaTeX Font Info:    Redeclaring font encoding OMS on input line 743.
\macc@depth=\count350
LaTeX Info: Redefining \bmod on input line 904.
LaTeX Info: Redefining \pmod on input line 909.
LaTeX Info: Redefining \smash on input line 939.
LaTeX Info: Redefining \relbar on input line 969.
LaTeX Info: Redefining \Relbar on input line 970.
\c@MaxMatrixCols=\count351
\dotsspace@=\muskip18
\c@parentequation=\count352
\dspbrk@lvl=\count353
\tag@help=\toks36
\row@=\count354
\column@=\count355
\maxfields@=\count356
\andhelp@=\toks37
\eqnshift@=\dimen294
\alignsep@=\dimen295
\tagshift@=\dimen296
\tagwidth@=\dimen297
\totwidth@=\dimen298
\lineht@=\dimen299
\@envbody=\toks38
\multlinegap=\skip62
\multlinetaggap=\skip63
\mathdisplay@stack=\toks39
LaTeX Info: Redefining \[ on input line 2950.
LaTeX Info: Redefining \] on input line 2951.
) (D:\Cuong\Latex\tex/latex/amscls\amsthm.sty
Package: amsthm 2020/05/29 v2.20.6
\thm@style=\toks40
\thm@bodyfont=\toks41
\thm@headfont=\toks42
\thm@notefont=\toks43
\thm@headpunct=\toks44
\thm@preskip=\skip64
\thm@postskip=\skip65
\thm@headsep=\skip66
\dth@everypar=\toks45
)
\c@theorem=\count357
) (D:\Cuong\Latex\tex/latex/beamer\beamerbasethemes.sty)) (D:\Cuong\Latex\tex/latex/beamer\beamerthemedefault.sty (D:\Cuong\Latex\tex/latex/beamer\beamerfontthemedefault.sty) (D:\Cuong\Latex\tex/latex/beamer\beamercolorthemedefault.sty) (D:\Cuong\Latex\tex/latex/beamer\beamerinnerthemedefault.sty
\beamer@dima=\dimen300
\beamer@dimb=\dimen301
) (D:\Cuong\Latex\tex/latex/beamer\beamerouterthemedefault.sty))) (D:\Cuong\Latex\tex/latex/beamer\beamerthemeMadrid.sty (D:\Cuong\Latex\tex/latex/beamer\beamercolorthemewhale.sty) (D:\Cuong\Latex\tex/latex/beamer\beamercolorthemeorchid.sty) (D:\Cuong\Latex\tex/latex/beamer\beamerinnerthemerounded.sty) (D:\Cuong\Latex\tex/latex/beamer\beamerouterthemeinfolines.sty)) (D:\Cuong\Latex\tex/latex/beamer\beamerfontthemestructurebold.sty) (D:\Cuong\Latex\tex/latex/beamer\beamerfontthemeserif.sty) (D:\Cuong\Latex\tex/latex/beamer\beamercolorthemestructure.sty) (D:\Cuong\Latex\tex/latex/tcolorbox\tcolorbox.sty
Package: tcolorbox 2025/11/28 version 6.9.0 text color boxes
 (D:\Cuong\Latex\tex/latex/pgf/frontendlayer\tikz.sty (D:\Cuong\Latex\tex/latex/pgf/basiclayer\pgf.sty
Package: pgf 2025-08-29 v3.1.11a (3.1.11a)
 (D:\Cuong\Latex\tex/generic/pgf/modules\pgfmoduleshapes.code.tex
File: pgfmoduleshapes.code.tex 2025-08-29 v3.1.11a (3.1.11a)
\pgfnodeparttextbox=\box78
) (D:\Cuong\Latex\tex/generic/pgf/modules\pgfmoduleplot.code.tex
File: pgfmoduleplot.code.tex 2025-08-29 v3.1.11a (3.1.11a)
) (D:\Cuong\Latex\tex/latex/pgf/compatibility\pgfcomp-version-0-65.sty
Package: pgfcomp-version-0-65 2025-08-29 v3.1.11a (3.1.11a)
\pgf@nodesepstart=\dimen302
\pgf@nodesepend=\dimen303
) (D:\Cuong\Latex\tex/latex/pgf/compatibility\pgfcomp-version-1-18.sty
Package: pgfcomp-version-1-18 2025-08-29 v3.1.11a (3.1.11a)
)) (D:\Cuong\Latex\tex/latex/pgf/utilities\pgffor.sty (D:\Cuong\Latex\tex/generic/pgf/utilities\pgffor.code.tex
Package: pgffor 2025-08-29 v3.1.11a (3.1.11a)
\pgffor@iter=\dimen304
\pgffor@skip=\dimen305
\pgffor@stack=\toks46
\pgffor@toks=\toks47
)) (D:\Cuong\Latex\tex/generic/pgf/frontendlayer/tikz\tikz.code.tex
Package: tikz 2025-08-29 v3.1.11a (3.1.11a)
 (D:\Cuong\Latex\tex/generic/pgf/libraries\pgflibraryplothandlers.code.tex
File: pgflibraryplothandlers.code.tex 2025-08-29 v3.1.11a (3.1.11a)
\pgf@plot@mark@count=\count358
\pgfplotmarksize=\dimen306
)
\tikz@lastx=\dimen307
\tikz@lasty=\dimen308
\tikz@lastxsaved=\dimen309
\tikz@lastysaved=\dimen310
\tikz@lastmovetox=\dimen311
\tikz@lastmovetoy=\dimen312
\tikzleveldistance=\dimen313
\tikzsiblingdistance=\dimen314
\tikz@figbox=\box79
\tikz@figbox@bg=\box80
\tikz@tempbox=\box81
\tikz@tempbox@bg=\box82
\tikztreelevel=\count359
\tikznumberofchildren=\count360
\tikznumberofcurrentchild=\count361
\tikz@fig@count=\count362
 (D:\Cuong\Latex\tex/generic/pgf/modules\pgfmodulematrix.code.tex
File: pgfmodulematrix.code.tex 2025-08-29 v3.1.11a (3.1.11a)
\pgfmatrixcurrentrow=\count363
\pgfmatrixcurrentcolumn=\count364
\pgf@matrix@numberofcolumns=\count365
)
\tikz@expandcount=\count366
 (D:\Cuong\Latex\tex/generic/pgf/frontendlayer/tikz/libraries\tikzlibrarytopaths.code.tex
File: tikzlibrarytopaths.code.tex 2025-08-29 v3.1.11a (3.1.11a)
))) (D:\Cuong\Latex\tex/latex/tools\verbatim.sty
Package: verbatim 2024-01-22 v1.5x LaTeX2e package for verbatim enhancements
\every@verbatim=\toks48
\verbatim@line=\toks49
\verbatim@in@stream=\read3
) (D:\Cuong\Latex\tex/latex/environ\environ.sty
Package: environ 2014/05/04 v0.3 A new way to define environments
 (D:\Cuong\Latex\tex/latex/trimspaces\trimspaces.sty
Package: trimspaces 2009/09/17 v1.1 Trim spaces around a token list
))
\tcb@titlebox=\box83
\tcb@upperbox=\box84
\tcb@lowerbox=\box85
\tcb@phantombox=\box86
\c@tcbbreakpart=\count367
\c@tcblayer=\count368
\c@tcolorbox@number=\count369
\l__tcobox_tmpa_box=\box87
\l__tcobox_tmpa_dim=\dimen315
\tcb@temp=\box88
\tcb@temp=\box89
\tcb@temp=\box90
\tcb@temp=\box91
) (D:\Cuong\Latex\tex/latex/adjustbox\adjustbox.sty
Package: adjustbox 2025/02/26 v1.3c Adjusting TeX boxes (trim, clip, ...)
 (D:\Cuong\Latex\tex/latex/xkeyval\xkeyval.sty
Package: xkeyval 2022/06/16 v2.9 package option processing (HA)
 (D:\Cuong\Latex\tex/generic/xkeyval\xkeyval.tex (D:\Cuong\Latex\tex/generic/xkeyval\xkvutils.tex
\XKV@toks=\toks50
\XKV@tempa@toks=\toks51
)
\XKV@depth=\count370
File: xkeyval.tex 2014/12/03 v2.7a key=value parser (HA)
)) (D:\Cuong\Latex\tex/latex/adjustbox\adjcalc.sty
Package: adjcalc 2012/05/16 v1.1 Provides advanced setlength with multiple back-ends (calc, etex, pgfmath)
) (D:\Cuong\Latex\tex/latex/adjustbox\trimclip.sty
Package: trimclip 2025/02/21 v1.2a Trim and clip general TeX material
 (D:\Cuong\Latex\tex/latex/collectbox\collectbox.sty
Package: collectbox 2022/10/17 v0.4c Collect macro arguments as boxes
\collectedbox=\box92
)
\tc@llx=\dimen316
\tc@lly=\dimen317
\tc@urx=\dimen318
\tc@ury=\dimen319
Package trimclip Info: Using driver 'tc-pdftex.def'.
 (D:\Cuong\Latex\tex/latex/adjustbox\tc-pdftex.def
File: tc-pdftex.def 2025/02/26 v2.3 Clipping driver for pdftex
))
\adjbox@Width=\dimen320
\adjbox@Height=\dimen321
\adjbox@Depth=\dimen322
\adjbox@Totalheight=\dimen323
\adjbox@pwidth=\dimen324
\adjbox@pheight=\dimen325
\adjbox@pdepth=\dimen326
\adjbox@ptotalheight=\dimen327
 (D:\Cuong\Latex\tex/latex/ifoddpage\ifoddpage.sty
Package: ifoddpage 2022/10/18 v1.2 Conditionals for odd/even page detection
\c@checkoddpage=\count371
) (D:\Cuong\Latex\tex/latex/varwidth\varwidth.sty
Package: varwidth 2009/03/30 ver 0.92;  Variable-width minipages
\@vwid@box=\box93
\sift@deathcycles=\count372
\@vwid@loff=\dimen328
\@vwid@roff=\dimen329
)
==> First Aid for varwidth.sty applied!
) (D:\Cuong\Latex\tex/latex/caption\caption.sty
Package: caption 2023/08/05 v3.6o Customizing captions (AR)
 (D:\Cuong\Latex\tex/latex/caption\caption3.sty
Package: caption3 2023/07/31 v2.4d caption3 kernel (AR)
\caption@tempdima=\dimen330
\captionmargin=\dimen331
\caption@leftmargin=\dimen332
\caption@rightmargin=\dimen333
\caption@width=\dimen334
\caption@indent=\dimen335
\caption@parindent=\dimen336
\caption@hangindent=\dimen337
Package caption Info: beamer document class detected.
 (D:\Cuong\Latex\tex/latex/caption\caption-beamer.sto
File: caption-beamer.sto 2022/01/06 v2.0c Adaption of the caption package to the beamer document classes (AR)
))
\c@caption@flags=\count373
\c@continuedfloat=\count374
Package caption Info: hyperref package is loaded.
Package caption Info: Hyperref support is turned off
(caption)             because hyperref has stopped early.
) (D:\Cuong\Latex\tex/latex/base\inputenc.sty
Package: inputenc 2024/02/08 v1.3d Input encoding file
\inpenc@prehook=\toks52
\inpenc@posthook=\toks53
) (D:\Cuong\Latex\tex/latex/base\fontenc.sty
Package: fontenc 2025/07/18 v2.1d Standard LaTeX package
) (D:\Cuong\Latex\tex/latex/booktabs\booktabs.sty
Package: booktabs 2020/01/12 v1.61803398 Publication quality tables
\heavyrulewidth=\dimen338
\lightrulewidth=\dimen339
\cmidrulewidth=\dimen340
\belowrulesep=\dimen341
\belowbottomsep=\dimen342
\aboverulesep=\dimen343
\abovetopsep=\dimen344
\cmidrulesep=\dimen345
\cmidrulekern=\dimen346
\defaultaddspace=\dimen347
\@cmidla=\count375
\@cmidlb=\count376
\@aboverulesep=\dimen348
\@belowrulesep=\dimen349
\@thisruleclass=\count377
\@lastruleclass=\count378
\@thisrulewidth=\dimen350
) (D:\Cuong\Latex\tex/latex/units\nicefrac.sty
Package: nicefrac 1998/08/04 v0.9b Nice fractions
\L@UnitsRaiseDisplaystyle=\skip67
\L@UnitsRaiseTextstyle=\skip68
\L@UnitsRaiseScriptstyle=\skip69
 (D:\Cuong\Latex\tex/latex/base\ifthen.sty
Package: ifthen 2024/03/16 v1.1e Standard LaTeX ifthen package (DPC)
)) (D:\Cuong\Latex\tex/latex/microtype\microtype.sty
Package: microtype 2026/03/01 v3.2d Micro-typographical refinements (RS)
\MT@toks=\toks54
\MT@tempbox=\box94
\MT@count=\count379
LaTeX Info: Redefining \noprotrusionifhmode on input line 1084.
LaTeX Info: Redefining \leftprotrusion on input line 1085.
\MT@prot@toks=\toks55
LaTeX Info: Redefining \rightprotrusion on input line 1104.
LaTeX Info: Redefining \textls on input line 1449.
\MT@outer@kern=\dimen351
LaTeX Info: Redefining \microtypecontext on input line 2053.
LaTeX Info: Redefining \textmicrotypecontext on input line 2070.
\MT@listname@count=\count380
 (D:\Cuong\Latex\tex/latex/microtype\microtype-pdftex.def
File: microtype-pdftex.def 2026/03/01 v3.2d Definitions specific to pdftex (RS)
LaTeX Info: Redefining \lsstyle on input line 944.
LaTeX Info: Redefining \lslig on input line 944.
\MT@outer@space=\skip70
)
Package microtype Info: Loading configuration file microtype.cfg.
 (D:\Cuong\Latex\tex/latex/microtype\microtype.cfg
File: microtype.cfg 2026/03/01 v3.2d microtype main configuration file (RS)
)
LaTeX Info: Redefining \microtypesetup on input line 3065.
) (D:\Cuong\Latex\tex/latex/mathtools\mathtools.sty
Package: mathtools 2024/10/04 v1.31 mathematical typesetting tools
 (D:\Cuong\Latex\tex/latex/tools\calc.sty
Package: calc 2025/03/01 v4.3b Infix arithmetic (KKT,FJ)
\calc@Acount=\count381
\calc@Bcount=\count382
\calc@Adimen=\dimen352
\calc@Bdimen=\dimen353
\calc@Askip=\skip71
\calc@Bskip=\skip72
LaTeX Info: Redefining \setlength on input line 86.
LaTeX Info: Redefining \addtolength on input line 87.
\calc@Ccount=\count383
\calc@Cskip=\skip73
) (D:\Cuong\Latex\tex/latex/mathtools\mhsetup.sty
Package: mhsetup 2021/03/18 v1.4 programming setup (MH)
)
\g_MT_multlinerow_int=\count384
\l_MT_multwidth_dim=\dimen354
\origjot=\skip74
\l_MT_shortvdotswithinadjustabove_dim=\dimen355
\l_MT_shortvdotswithinadjustbelow_dim=\dimen356
\l_MT_above_intertext_sep=\dimen357
\l_MT_below_intertext_sep=\dimen358
\l_MT_above_shortintertext_sep=\dimen359
\l_MT_below_shortintertext_sep=\dimen360
\xmathstrut@box=\box95
\xmathstrut@dim=\dimen361
) (D:\Cuong\Latex\tex/latex/tools\multicol.sty
Package: multicol 2025/10/21 v2.0b multicolumn formatting (FMi)
\c@tracingmulticols=\count385
\mult@box=\box96
\multicol@leftmargin=\dimen362
\c@unbalance=\count386
\c@collectmore=\count387
\doublecol@number=\count388
\multicoltolerance=\count389
\multicolpretolerance=\count390
\full@width=\dimen363
\page@free=\dimen364
\premulticols=\dimen365
\postmulticols=\dimen366
\multicolsep=\skip75
\multicolbaselineskip=\skip76
\partial@page=\box97
\last@line=\box98
\mc@boxedresult=\box99
\maxbalancingoverflow=\dimen367
\mult@rightbox=\box100
\mult@grightbox=\box101
\mult@firstbox=\box102
\mult@gfirstbox=\box103
\@tempa=\box104
\@tempa=\box105
\@tempa=\box106
\@tempa=\box107
\@tempa=\box108
\@tempa=\box109
\@tempa=\box110
\@tempa=\box111
\@tempa=\box112
\@tempa=\box113
\@tempa=\box114
\@tempa=\box115
\@tempa=\box116
\@tempa=\box117
\@tempa=\box118
\@tempa=\box119
\@tempa=\box120
\@tempa=\box121
\@tempa=\box122
\@tempa=\box123
\@tempa=\box124
\@tempa=\box125
\@tempa=\box126
\@tempa=\box127
\@tempa=\box128
\@tempa=\box129
\@tempa=\box130
\@tempa=\box131
\@tempa=\box132
\@tempa=\box133
\@tempa=\box134
\@tempa=\box135
\@tempa=\box136
\@tempa=\box137
\@tempa=\box138
\@tempa=\box139
\c@minrows=\count391
\c@columnbadness=\count392
\c@finalcolumnbadness=\count393
\last@try=\dimen368
\multicolovershoot=\dimen369
\multicolundershoot=\dimen370
\mult@nat@firstbox=\box140
\colbreak@box=\box141
\mc@col@check@num=\count394
\g__mc_curr_col_int=\count395
) (D:\Cuong\Latex\tex/latex/comment\comment.sty
\CommentStream=\write5
 Excluding comment 'comment') (D:\Cuong\Latex\tex/latex/forest\forest.sty
Package: forest 2017/07/14 v2.1.5 Drawing (linguistic) trees
 (D:\Cuong\Latex\tex/generic/pgf/frontendlayer/tikz/libraries\tikzlibraryshapes.code.tex
File: tikzlibraryshapes.code.tex 2025-08-29 v3.1.11a (3.1.11a)
 (D:\Cuong\Latex\tex/generic/pgf/frontendlayer/tikz/libraries\tikzlibraryshapes.geometric.code.tex
File: tikzlibraryshapes.geometric.code.tex 2025-08-29 v3.1.11a (3.1.11a)
 (D:\Cuong\Latex\tex/generic/pgf/libraries/shapes\pgflibraryshapes.geometric.code.tex
File: pgflibraryshapes.geometric.code.tex 2025-08-29 v3.1.11a (3.1.11a)
)) (D:\Cuong\Latex\tex/generic/pgf/frontendlayer/tikz/libraries\tikzlibraryshapes.misc.code.tex
File: tikzlibraryshapes.misc.code.tex 2025-08-29 v3.1.11a (3.1.11a)
 (D:\Cuong\Latex\tex/generic/pgf/libraries/shapes\pgflibraryshapes.misc.code.tex
File: pgflibraryshapes.misc.code.tex 2025-08-29 v3.1.11a (3.1.11a)
)) (D:\Cuong\Latex\tex/generic/pgf/frontendlayer/tikz/libraries\tikzlibraryshapes.symbols.code.tex
File: tikzlibraryshapes.symbols.code.tex 2025-08-29 v3.1.11a (3.1.11a)
 (D:\Cuong\Latex\tex/generic/pgf/libraries/shapes\pgflibraryshapes.symbols.code.tex
File: pgflibraryshapes.symbols.code.tex 2025-08-29 v3.1.11a (3.1.11a)
)) (D:\Cuong\Latex\tex/generic/pgf/frontendlayer/tikz/libraries\tikzlibraryshapes.arrows.code.tex
File: tikzlibraryshapes.arrows.code.tex 2025-08-29 v3.1.11a (3.1.11a)
 (D:\Cuong\Latex\tex/generic/pgf/libraries/shapes\pgflibraryshapes.arrows.code.tex
File: pgflibraryshapes.arrows.code.tex 2025-08-29 v3.1.11a (3.1.11a)
)) (D:\Cuong\Latex\tex/generic/pgf/frontendlayer/tikz/libraries\tikzlibraryshapes.callouts.code.tex (D:\Cuong\Latex\tex/generic/pgf/libraries/shapes\pgflibraryshapes.callouts.code.tex)) (D:\Cuong\Latex\tex/generic/pgf/frontendlayer/tikz/libraries\tikzlibraryshapes.multipart.code.tex
File: tikzlibraryshapes.multipart.code.tex 2025-08-29 v3.1.11a (3.1.11a)
 (D:\Cuong\Latex\tex/generic/pgf/libraries/shapes\pgflibraryshapes.multipart.code.tex
File: pgflibraryshapes.multipart.code.tex 2025-08-29 v3.1.11a (3.1.11a)
\pgfnodepartlowerbox=\box142
\pgfnodeparttwobox=\box143
\pgfnodepartthreebox=\box144
\pgfnodepartfourbox=\box145
\pgfnodeparttwentybox=\box146
\pgfnodepartnineteenbox=\box147
\pgfnodeparteighteenbox=\box148
\pgfnodepartseventeenbox=\box149
\pgfnodepartsixteenbox=\box150
\pgfnodepartfifteenbox=\box151
\pgfnodepartfourteenbox=\box152
\pgfnodepartthirteenbox=\box153
\pgfnodeparttwelvebox=\box154
\pgfnodepartelevenbox=\box155
\pgfnodeparttenbox=\box156
\pgfnodepartninebox=\box157
\pgfnodeparteightbox=\box158
\pgfnodepartsevenbox=\box159
\pgfnodepartsixbox=\box160
\pgfnodepartfivebox=\box161
))) (D:\Cuong\Latex\tex/generic/pgf/frontendlayer/tikz/libraries\tikzlibraryfit.code.tex
File: tikzlibraryfit.code.tex 2025-08-29 v3.1.11a (3.1.11a)
) (D:\Cuong\Latex\tex/generic/pgf/frontendlayer/tikz/libraries\tikzlibrarycalc.code.tex
File: tikzlibrarycalc.code.tex 2025-08-29 v3.1.11a (3.1.11a)
) (D:\Cuong\Latex\tex/generic/pgf/libraries\pgflibraryintersections.code.tex (D:\Cuong\Latex\tex/generic/pgf/libraries\pgflibraryfpu.code.tex)
\pgf@intersect@solutions=\count396
) (D:\Cuong\Latex\tex/latex/pgfopts\pgfopts.sty
Package: pgfopts 2014/07/10 v2.1a LaTeX package options with pgfkeys
\pgfopts@list@add@a@toks=\toks56
\pgfopts@list@add@b@toks=\toks57
) (D:\Cuong\Latex\tex/latex/elocalloc\elocalloc.sty
Package: elocalloc 2016/12/15 v0.03 local allocation for LaTeX 2015+ (DPC)
) (D:\Cuong\Latex\tex/latex/l3packages/xparse\xparse.sty (D:\Cuong\Latex\tex/latex/l3kernel\expl3.sty
Package: expl3 2025-12-24 L3 programming layer (loader) 
 (D:\Cuong\Latex\tex/latex/l3backend\l3backend-pdftex.def
File: l3backend-pdftex.def 2025-10-09 L3 backend support: PDF output (pdfTeX)
\l__color_backend_stack_int=\count397
))
Package: xparse 2025-10-09 L3 Experimental document command parser
) (D:\Cuong\Latex\tex/latex/inlinedef\inlinedef.sty
Package: inlinedef 2008/07/10 v1.0 Inlined expansions within definitions
\ID@toks=\toks58
\ID@count=\count398
)
\ID@usercommands=\toks59
\safeloop@depth=\count399
\safeRKloop@depth=\count400
\forest@temp@dimen=\dimen371
\forest@temp@count=\count401
\forest@n=\count402
\forest@temp@global@count=\count403
\forest@temp@toks=\toks60
\forest@temparray@M=\count404
\forest@temparray@N=\count405
\forest@global@temparray@M=\count406
\forest@global@temparray@N=\count407
\forest@isnum@count=\count408
\forest@isdim@nonintpart=\count409
\forest@isdim@dimen=\dimen372
\forest@sort@m=\count410
\forest@sort@k=\count411
\forest@sort@p=\count412
\bracket@content=\toks61
\bracket@afterthought=\toks62
\forest@node@maxid=\count413
\forest@process@left@M=\count414
\forest@process@left@N=\count415
\forest@process@right@M=\count416
\forest@process@right@N=\count417
\forest@process@saved@M=\count418
\forest@process@saved@N=\count419
\forest@process@result@M=\count420
\forest@process@result@N=\count421
\forest@process@n=\count422
\forest@nodewalk@branch@toks=\toks63
\forest@nodewalk@shortsteps@resolution=\toks64
\forest@do@dynamics=\toks65
\forest@box=\box162
\forest@xg=\dimen373
\forest@yg=\dimen374
\forest@xs=\dimen375
\forest@ys=\dimen376
\forest@pi@toks=\toks66
\forest@segment@toks=\toks67
\forest@PIi@toks=\toks68
\forest@PIii@toks=\toks69
\forest@copy@in=\read4
\forest@copy@out=\write6
\forest@externalize@max@outer@n=\count423
\forest@externalize@inner@n=\count424
) (D:\Cuong\Latex\tex/latex/algorithm2e\algorithm2e.sty
Package: algorithm2e 2017/07/18 v5.2 algorithms environments
\c@AlgoLine=\count425
\algocf@hangindent=\skip77
 (D:\Cuong\Latex\tex/latex/tools\xspace.sty
Package: xspace 2014/10/28 v1.13 Space after command names (DPC,MH)
) (D:\Cuong\Latex\tex/latex/relsize\relsize.sty
Package: relsize 2013/03/29 ver 4.1
)
\skiptotal=\skip78
\skiplinenumber=\skip79
\skiprule=\skip80
\skiphlne=\skip81
\skiptext=\skip82
\skiplength=\skip83
\algomargin=\skip84
\skipalgocfslide=\skip85
\algowidth=\dimen377
\inoutsize=\dimen378
\inoutindent=\dimen379
\interspacetitleruled=\dimen380
\interspacealgoruled=\dimen381
\interspacetitleboxruled=\dimen382
\algocf@ruledwidth=\skip86
\algocf@inoutbox=\box163
\algocf@inputbox=\box164
\AlCapSkip=\skip87
\AlCapHSkip=\skip88
\algoskipindent=\skip89
\algocf@nlbox=\box165
\algocf@hangingbox=\box166
\algocf@untilbox=\box167
\algocf@skipuntil=\skip90
\algocf@capbox=\box168
\algocf@lcaptionbox=\skip91
\algoheightruledefault=\skip92
\algoheightrule=\skip93
\algotitleheightruledefault=\skip94
\algotitleheightrule=\skip95
\c@algocfline=\count426
\c@algocfproc=\count427
\c@algocf=\count428
\algocf@algoframe=\box169
\algocf@algobox=\box170
) (D:\Cuong\Latex\tex/latex/algorithms\algorithmic.sty
Package: algorithmic 2009/08/24 v0.1 Document Style `algorithmic'
\c@ALC@unique=\count429
\c@ALC@line=\count430
\c@ALC@rem=\count431
\c@ALC@depth=\count432
\ALC@tlm=\skip96
\algorithmicindent=\skip97
) (D:\Cuong\Latex\tex/latex/colortbl\colortbl.sty
Package: colortbl 2024/10/29 v1.0k Color table columns (DPC)
 (D:\Cuong\Latex\tex/latex/tools\array.sty
Package: array 2025/09/25 v2.6n Tabular extension package (FMi)
\col@sep=\dimen383
\ar@mcellbox=\box171
\extrarowheight=\dimen384
\NC@list=\toks70
\extratabsurround=\skip98
\backup@length=\skip99
\ar@cellbox=\box172
)
\everycr=\toks71
\minrowclearance=\skip100
\rownum=\count433
) (D:\Cuong\Latex\tex/latex/diagbox\diagbox.sty
Package: diagbox 2020/02/09 v2.3 Making table heads with diagonal lines
 (D:\Cuong\Latex\tex/latex/pict2e\pict2e.sty
Package: pict2e 2020/09/30 v0.4b Improved picture commands (HjG,RN,JT)
 (D:\Cuong\Latex\tex/latex/pict2e\pict2e.cfg
File: pict2e.cfg 2016/02/05 v0.1u pict2e configuration for teTeX/TeXLive
)
Package pict2e Info: Driver file: pdftex.def on input line 112.
Package pict2e Info: Driver file for pict2e: p2e-pdftex.def on input line 114.
 (D:\Cuong\Latex\tex/latex/pict2e\p2e-pdftex.def
File: p2e-pdftex.def 2016/02/05 v0.1u Driver-dependant file (RN,HjG,JT)
)
\pIIe@GRAPH=\toks72
\@arclen=\dimen385
\@arcrad=\dimen386
\pIIe@tempdima=\dimen387
\pIIe@tempdimb=\dimen388
\pIIe@tempdimc=\dimen389
\pIIe@tempdimd=\dimen390
\pIIe@tempdime=\dimen391
\pIIe@tempdimf=\dimen392
)
\diagbox@boxa=\box173
\diagbox@boxb=\box174
\diagbox@boxm=\box175
\diagbox@wd=\dimen393
\diagbox@ht=\dimen394
\diagbox@insepl=\dimen395
\diagbox@insepr=\dimen396
\diagbox@outsepl=\dimen397
\diagbox@outsepr=\dimen398
) (D:\Cuong\Latex\tex/latex/caption\subcaption.sty
Package: subcaption 2023/07/28 v1.6b Sub-captions (AR)
Package caption Info: New subtype `subfigure' on input line 238.
\c@subfigure=\count434
Package caption Info: New subtype `subtable' on input line 238.
\c@subtable=\count435
) (D:\Cuong\Latex\tex/latex/doublestroke\dsfont.sty
Package: dsfont 1995/08/01 v0.1 Double stroke roman fonts
) (D:\Cuong\Latex\tex/latex/stmaryrd\stmaryrd.sty
Package: stmaryrd 1994/03/03 St Mary's Road symbol package
\symstmry=\mathgroup6
LaTeX Font Info:    Overwriting symbol font `stmry' in version `bold'
(Font)                  U/stmry/m/n --> U/stmry/b/n on input line 89.
) (D:\Cuong\Latex\tex/latex/biblatex\biblatex.sty
Package: biblatex 2025/07/10 v3.21 programmable bibliographies (PK/MW)
 (D:\Cuong\Latex\tex/latex/logreq\logreq.sty
Package: logreq 2010/08/04 v1.0 xml request logger
\lrq@indent=\count436
 (D:\Cuong\Latex\tex/latex/logreq\logreq.def
File: logreq.def 2010/08/04 v1.0 logreq spec v1.0
))
\c@tabx@nest=\count437
\c@listtotal=\count438
\c@listcount=\count439
\c@liststart=\count440
\c@liststop=\count441
\c@citecount=\count442
\c@citetotal=\count443
\c@multicitecount=\count444
\c@multicitetotal=\count445
\c@instcount=\count446
\c@maxnames=\count447
\c@minnames=\count448
\c@maxitems=\count449
\c@minitems=\count450
\c@citecounter=\count451
\c@maxcitecounter=\count452
\c@savedcitecounter=\count453
\c@uniquelist=\count454
\c@uniquename=\count455
\c@refsection=\count456
\c@refsegment=\count457
\c@maxextratitle=\count458
\c@maxextratitleyear=\count459
\c@maxextraname=\count460
\c@maxextradate=\count461
\c@maxextraalpha=\count462
\c@abbrvpenalty=\count463
\c@highnamepenalty=\count464
\c@lownamepenalty=\count465
\c@maxparens=\count466
\c@parenlevel=\count467
\blx@tempcnta=\count468
\blx@tempcntb=\count469
\blx@tempcntc=\count470
\c@blx@maxsection=\count471
\blx@maxsegment@0=\count472
\blx@notetype=\count473
\blx@parenlevel@text=\count474
\blx@parenlevel@foot=\count475
\blx@sectionciteorder@0=\count476
\blx@sectionciteorderinternal@0=\count477
\blx@entrysetcounter=\count478
\blx@biblioinstance=\count479
\labelnumberwidth=\skip101
\labelalphawidth=\skip102
\biblabelsep=\skip103
\bibitemsep=\skip104
\bibnamesep=\skip105
\bibinitsep=\skip106
\bibparsep=\skip107
\bibhang=\skip108
\blx@bcfin=\read5
\blx@bcfout=\write7
\blx@langwohyphens=\language79
\c@mincomprange=\count480
\c@maxcomprange=\count481
\c@mincompwidth=\count482
Package biblatex Info: Trying to load biblatex default data model...
Package biblatex Info: ... file 'blx-dm.def' found.
 (D:\Cuong\Latex\tex/latex/biblatex\blx-dm.def
File: blx-dm.def 2025/07/10 v3.21 biblatex datamodel (PK/MW)
)
Package biblatex Info: Trying to load biblatex style data model...
Package biblatex Info: ... file 'authortitle.dbx' not found.
Package biblatex Info: Trying to load biblatex custom data model...
Package biblatex Info: ... file 'biblatex-dm.cfg' not found.
\c@afterword=\count483
\c@savedafterword=\count484
\c@annotator=\count485
\c@savedannotator=\count486
\c@author=\count487
\c@savedauthor=\count488
\c@bookauthor=\count489
\c@savedbookauthor=\count490
\c@commentator=\count491
\c@savedcommentator=\count492
\c@editor=\count493
\c@savededitor=\count494
\c@editora=\count495
\c@savededitora=\count496
\c@editorb=\count497
\c@savededitorb=\count498
\c@editorc=\count499
\c@savededitorc=\count500
\c@foreword=\count501
\c@savedforeword=\count502
\c@holder=\count503
\c@savedholder=\count504
\c@introduction=\count505
\c@savedintroduction=\count506
\c@namea=\count507
\c@savednamea=\count508
\c@nameb=\count509
\c@savednameb=\count510
\c@namec=\count511
\c@savednamec=\count512
\c@translator=\count513
\c@savedtranslator=\count514
\c@shortauthor=\count515
\c@savedshortauthor=\count516
\c@shorteditor=\count517
\c@savedshorteditor=\count518
\c@labelname=\count519
\c@savedlabelname=\count520
\c@institution=\count521
\c@savedinstitution=\count522
\c@lista=\count523
\c@savedlista=\count524
\c@listb=\count525
\c@savedlistb=\count526
\c@listc=\count527
\c@savedlistc=\count528
\c@listd=\count529
\c@savedlistd=\count530
\c@liste=\count531
\c@savedliste=\count532
\c@listf=\count533
\c@savedlistf=\count534
\c@location=\count535
\c@savedlocation=\count536
\c@organization=\count537
\c@savedorganization=\count538
\c@origlocation=\count539
\c@savedoriglocation=\count540
\c@origpublisher=\count541
\c@savedorigpublisher=\count542
\c@publisher=\count543
\c@savedpublisher=\count544
\c@language=\count545
\c@savedlanguage=\count546
\c@origlanguage=\count547
\c@savedoriglanguage=\count548
\c@pageref=\count549
\c@savedpageref=\count550
\shorthandwidth=\skip109
\shortjournalwidth=\skip110
\shortserieswidth=\skip111
\shorttitlewidth=\skip112
\shortauthorwidth=\skip113
\shorteditorwidth=\skip114
\locallabelnumberwidth=\skip115
\locallabelalphawidth=\skip116
\localshorthandwidth=\skip117
\localshortjournalwidth=\skip118
\localshortserieswidth=\skip119
\localshorttitlewidth=\skip120
\localshortauthorwidth=\skip121
\localshorteditorwidth=\skip122
Package biblatex Info: Trying to load compatibility code...
Package biblatex Info: ... file 'blx-compat.def' found.
 (D:\Cuong\Latex\tex/latex/biblatex\blx-compat.def
File: blx-compat.def 2025/07/10 v3.21 biblatex compatibility (PK/MW)
)
Package biblatex Info: Trying to load BibTeX backend compatibility...
Package biblatex Info: ... file 'blx-bibtex.def' found.
 (D:\Cuong\Latex\tex/latex/biblatex\blx-bibtex.def
File: blx-bibtex.def 2025/07/10 v3.21 biblatex compatibility (PK/MW)


Package biblatex Warning: Using fall-back bibtex backend:
(biblatex)                functionality may be reduced/unavailable.

)
Package biblatex Info: Trying to load generic definitions...
Package biblatex Info: ... file 'biblatex.def' found.
 (D:\Cuong\Latex\tex/latex/biblatex\biblatex.def
File: biblatex.def 2025/07/10 v3.21 biblatex compatibility (PK/MW)
\c@textcitecount=\count551
\c@textcitetotal=\count552
\c@textcitemaxnames=\count553
\c@biburlbigbreakpenalty=\count554
\c@biburlbreakpenalty=\count555
\c@biburlnumpenalty=\count556
\c@biburlucpenalty=\count557
\c@biburllcpenalty=\count558
\biburlbigskip=\muskip19
\biburlnumskip=\muskip20
\biburlucskip=\muskip21
\biburllcskip=\muskip22
\c@smartand=\count559
)
Package biblatex Info: Trying to load bibliography style 'authortitle'...
Package biblatex Info: ... file 'authortitle.bbx' found.
 (D:\Cuong\Latex\tex/latex/biblatex/bbx\authortitle.bbx
File: authortitle.bbx 2025/07/10 v3.21 biblatex bibliography style (PK/MW)
Package biblatex Info: Trying to load bibliography style 'standard'...
Package biblatex Info: ... file 'standard.bbx' found.
 (D:\Cuong\Latex\tex/latex/biblatex/bbx\standard.bbx
File: standard.bbx 2025/07/10 v3.21 biblatex bibliography style (PK/MW)
\c@bbx:relatedcount=\count560
\c@bbx:relatedtotal=\count561
))
Package biblatex Info: Trying to load citation style 'authortitle'...
Package biblatex Info: ... file 'authortitle.cbx' found.
 (D:\Cuong\Latex\tex/latex/biblatex/cbx\authortitle.cbx
File: authortitle.cbx 2025/07/10 v3.21 biblatex citation style (PK/MW)
Package biblatex Info: Redefining '\cite'.
Package biblatex Info: Redefining '\parencite'.
Package biblatex Info: Redefining '\footcite'.
Package biblatex Info: Redefining '\footcitetext'.
Package biblatex Info: Redefining '\smartcite'.
Package biblatex Info: Redefining '\textcite'.
Package biblatex Info: Redefining '\textcites'.
)
Package biblatex Info: Trying to load configuration file...
Package biblatex Info: ... file 'biblatex.cfg' found.
 (D:\Cuong\Latex\tex/latex/biblatex\biblatex.cfg
File: biblatex.cfg 
)
Package biblatex Info: Input encoding 'utf8' detected.
Package biblatex Info: Document encoding is UTF8 ....
Package biblatex Info: ... and expl3
(biblatex)             2025-12-24 L3 programming layer (loader) 
(biblatex)             is new enough (at least 2020/04/06),
(biblatex)             setting 'casechanger=expl3'.
 (D:\Cuong\Latex\tex/latex/biblatex\blx-case-expl3.sty
Package: blx-case-expl3 2025/07/10 v3.21 expl3 case changing code for biblatex
)) (D:\Cuong\Latex\tex/generic/pgf/frontendlayer/tikz/libraries\tikzlibrarypositioning.code.tex
File: tikzlibrarypositioning.code.tex 2025-08-29 v3.1.11a (3.1.11a)
)
\c@proposition=\count562


Package hyperref Warning: Token not allowed in a PDF string (Unicode):
(hyperref)                removing `\new@ifnextchar' on input line 84.

\@quotelevel=\count563
\@quotereset=\count564
(main.aux)
\openout1 = `main.aux'.

LaTeX Font Info:    Checking defaults for OML/cmm/m/it on input line 84.
LaTeX Font Info:    ... okay on input line 84.
LaTeX Font Info:    Checking defaults for OMS/cmsy/m/n on input line 84.
LaTeX Font Info:    ... okay on input line 84.
LaTeX Font Info:    Checking defaults for OT1/cmr/m/n on input line 84.
LaTeX Font Info:    ... okay on input line 84.
LaTeX Font Info:    Checking defaults for T1/cmr/m/n on input line 84.
LaTeX Font Info:    ... okay on input line 84.
LaTeX Font Info:    Checking defaults for TS1/cmr/m/n on input line 84.
LaTeX Font Info:    ... okay on input line 84.
LaTeX Font Info:    Checking defaults for OMX/cmex/m/n on input line 84.
LaTeX Font Info:    ... okay on input line 84.
LaTeX Font Info:    Checking defaults for U/cmr/m/n on input line 84.
LaTeX Font Info:    ... okay on input line 84.
LaTeX Font Info:    Checking defaults for PD1/pdf/m/n on input line 84.
LaTeX Font Info:    ... okay on input line 84.
LaTeX Font Info:    Checking defaults for PU/pdf/m/n on input line 84.
LaTeX Font Info:    ... okay on input line 84.

*geometry* driver: auto-detecting
*geometry* detected driver: pdftex
*geometry* verbose mode - [ preamble ] result:
* driver: pdftex
* paper: custom
* layout: <same size as paper>
* layoutoffset:(h,v)=(0.0pt,0.0pt)
* modes: includehead includefoot 
* h-part:(L,W,R)=(10.95003pt, 433.34402pt, 10.95003pt)
* v-part:(T,H,B)=(0.0pt, 256.0748pt, 0.0pt)
* \paperwidth=455.24408pt
* \paperheight=256.0748pt
* \textwidth=433.34402pt
* \textheight=227.62207pt
* \oddsidemargin=-61.31996pt
* \evensidemargin=-61.31996pt
* \topmargin=-72.26999pt
* \headheight=14.22636pt
* \headsep=0.0pt
* \topskip=11.0pt
* \footskip=14.22636pt
* \marginparwidth=4.0pt
* \marginparsep=10.0pt
* \columnsep=10.0pt
* \skip\footins=10.0pt plus 4.0pt minus 2.0pt
* \hoffset=0.0pt
* \voffset=0.0pt
* \mag=1000
* \@twocolumnfalse
* \@twosidefalse
* \@mparswitchfalse
* \@reversemarginfalse
* (1in=72.27pt=25.4mm, 1cm=28.453pt)

(D:\Cuong\Latex\tex/context/base/mkii\supp-pdf.mkii
[Loading MPS to PDF converter (version 2006.09.02).]
\scratchcounter=\count565
\scratchdimen=\dimen399
\scratchbox=\box176
\nofMPsegments=\count566
\nofMParguments=\count567
\everyMPshowfont=\toks73
\MPscratchCnt=\count568
\MPscratchDim=\dimen400
\MPnumerator=\count569
\makeMPintoPDFobject=\count570
\everyMPtoPDFconversion=\toks74
) (D:\Cuong\Latex\tex/latex/epstopdf-pkg\epstopdf-base.sty
Package: epstopdf-base 2020-01-24 v2.11 Base part for package epstopdf
Package epstopdf-base Info: Redefining graphics rule for `.eps' on input line 485.
 (D:\Cuong\Latex\tex/latex/00miktex\epstopdf-sys.cfg
File: epstopdf-sys.cfg 2021/03/18 v2.0 Configuration of epstopdf for MiKTeX
))
Package hyperref Info: Link coloring OFF on input line 84.
 (main.out) (main.out)
\@outlinefile=\write8
\openout8 = `main.out'.

 (D:\Cuong\Latex\tex/latex/translator\translator-basic-dictionary-English.dict
Dictionary: translator-basic-dictionary, Language: English 
) (D:\Cuong\Latex\tex/latex/translator\translator-bibliography-dictionary-English.dict
Dictionary: translator-bibliography-dictionary, Language: English 
) (D:\Cuong\Latex\tex/latex/translator\translator-environment-dictionary-English.dict
Dictionary: translator-environment-dictionary, Language: English 
) (D:\Cuong\Latex\tex/latex/translator\translator-months-dictionary-English.dict
Dictionary: translator-months-dictionary, Language: English 
) (D:\Cuong\Latex\tex/latex/translator\translator-numbers-dictionary-English.dict
Dictionary: translator-numbers-dictionary, Language: English 
) (D:\Cuong\Latex\tex/latex/translator\translator-theorem-dictionary-English.dict
Dictionary: translator-theorem-dictionary, Language: English 
)
Package caption Info: Begin \AtBeginDocument code.
Package caption Info: End \AtBeginDocument code.
Package microtype Info: Patching varwidth to enable character protrusion.
\MT@vwid@leftmargin=\dimen401
\MT@vwid@rightmargin=\dimen402
LaTeX Info: Redefining \microtypecontext on input line 84.
Package microtype Info: Applying patch `item' on input line 84.
Package microtype Info: Applying patch `toc' on input line 84.
Package microtype Info: Applying patch `eqnum' on input line 84.
Package microtype Info: Applying patch `footnote' on input line 84.
Package microtype Info: Applying patch `verbatim' on input line 84.
LaTeX Info: Redefining \microtypesetup on input line 84.


Package microtype Warning: The `disable' option is in effect.
(microtype)                Disabling all micro-typographic extensions.
(microtype)                This might lead to different line and page breaks.

Package biblatex Info: Trying to load language 'english'...
Package biblatex Info: ... file 'english.lbx' found.
(D:\Cuong\Latex\tex/latex/biblatex/lbx\english.lbx
File: english.lbx 2025/07/10 v3.21 biblatex localization (PK/MW)
)
Package biblatex Info: Input encoding 'utf8' detected.
Package biblatex Info: Automatic encoding selection.
(biblatex)             Assuming data encoding 'utf8'.
Package biblatex Info: Input encoding 'utf8' detected.
Package biblatex Info: Data encoding 'utf8' specified.
(biblatex)             No need to reencode data.
\openout7 = `main-blx.bib'.

Package biblatex Info: Trying to load bibliographic data...
Package biblatex Info: ... file 'main.bbl' found.
 (main.bbl)
Package biblatex Info: Reference section=0 on input line 84.
Package biblatex Info: Reference segment=0 on input line 84.
 (main.nav)
<images/FrontBackground.pdf, id=42, 963.6pt x 542.025pt>
File: images/FrontBackground.pdf Graphic file (type pdf)
<use images/FrontBackground.pdf>
Package pdftex.def Info: images/FrontBackground.pdf  used on input line 92.
(pdftex.def)             Requested size: 455.2446pt x 256.08334pt.
 [1

{C:/Users/84766/AppData/Local/MiKTeX/fonts/map/pdftex/pdftex.map} <./images/FrontBackground.pdf>] (main.toc)
<images/Background.pdf, id=94, 963.6pt x 542.025pt>
File: images/Background.pdf Graphic file (type pdf)
<use images/Background.pdf>
Package pdftex.def Info: images/Background.pdf  used on input line 106.
(pdftex.def)             Requested size: 455.2446pt x 256.08334pt.
 [2

 <./images/Background.pdf>] (main.toc)
File: images/Background.pdf Graphic file (type pdf)
<use images/Background.pdf>
Package pdftex.def Info: images/Background.pdf  used on input line 107.
(pdftex.def)             Requested size: 455.2446pt x 256.08334pt.
 [3

]
File: images/Background.pdf Graphic file (type pdf)
<use images/Background.pdf>
Package pdftex.def Info: images/Background.pdf  used on input line 115.
(pdftex.def)             Requested size: 455.2446pt x 256.08334pt.
 [4

] (main.toc)
File: images/Background.pdf Graphic file (type pdf)
<use images/Background.pdf>
Package pdftex.def Info: images/Background.pdf  used on input line 116.
(pdftex.def)             Requested size: 455.2446pt x 256.08334pt.
 [5

]
File: images/Background.pdf Graphic file (type pdf)
<use images/Background.pdf>
Package pdftex.def Info: images/Background.pdf  used on input line 138.
(pdftex.def)             Requested size: 455.2446pt x 256.08334pt.
 [6

] (main.toc)
File: images/Background.pdf Graphic file (type pdf)
<use images/Background.pdf>
Package pdftex.def Info: images/Background.pdf  used on input line 139.
(pdftex.def)             Requested size: 455.2446pt x 256.08334pt.
 [7

]
LaTeX Font Info:    Trying to load font information for U+msa on input line 152.
 (D:\Cuong\Latex\tex/latex/amsfonts\umsa.fd
File: umsa.fd 2013/01/14 v3.01 AMS symbols A
)
LaTeX Font Info:    Trying to load font information for U+msb on input line 152.
 (D:\Cuong\Latex\tex/latex/amsfonts\umsb.fd
File: umsb.fd 2013/01/14 v3.01 AMS symbols B
)
LaTeX Font Info:    Trying to load font information for U+stmry on input line 152.
 (D:\Cuong\Latex\tex/latex/stmaryrd\ustmry.fd)
File: images/Background.pdf Graphic file (type pdf)
<use images/Background.pdf>
Package pdftex.def Info: images/Background.pdf  used on input line 152.
(pdftex.def)             Requested size: 455.2446pt x 256.08334pt.
 [8

]
<images/train_structure.png, id=327, 837.88031pt x 322.20375pt>
File: images/train_structure.png Graphic file (type png)
<use images/train_structure.png>
Package pdftex.def Info: images/train_structure.png  used on input line 160.
(pdftex.def)             Requested size: 390.00697pt x 149.9756pt.
File: images/Background.pdf Graphic file (type pdf)
<use images/Background.pdf>
Package pdftex.def Info: images/Background.pdf  used on input line 160.
(pdftex.def)             Requested size: 455.2446pt x 256.08334pt.
 [9

 <./images/train_structure.png>]
<images/json_structure.png, id=357, 837.88031pt x 341.02406pt>
File: images/json_structure.png Graphic file (type png)
<use images/json_structure.png>
Package pdftex.def Info: images/json_structure.png  used on input line 167.
(pdftex.def)             Requested size: 390.00697pt x 158.73586pt.
File: images/Background.pdf Graphic file (type pdf)
<use images/Background.pdf>
Package pdftex.def Info: images/Background.pdf  used on input line 167.
(pdftex.def)             Requested size: 455.2446pt x 256.08334pt.
 [10

 <./images/json_structure.png>]
<images/item_structure.png, id=385, 837.88031pt x 173.89969pt>
File: images/item_structure.png Graphic file (type png)
<use images/item_structure.png>
Package pdftex.def Info: images/item_structure.png  used on input line 175.
(pdftex.def)             Requested size: 390.00697pt x 80.94476pt.
File: images/Background.pdf Graphic file (type pdf)
<use images/Background.pdf>
Package pdftex.def Info: images/Background.pdf  used on input line 175.
(pdftex.def)             Requested size: 455.2446pt x 256.08334pt.
 [11

 <./images/item_structure.png>] (main.toc)
File: images/Background.pdf Graphic file (type pdf)
<use images/Background.pdf>
Package pdftex.def Info: images/Background.pdf  used on input line 176.
(pdftex.def)             Requested size: 455.2446pt x 256.08334pt.
 [12

]
File: images/Background.pdf Graphic file (type pdf)
<use images/Background.pdf>
Package pdftex.def Info: images/Background.pdf  used on input line 185.
(pdftex.def)             Requested size: 455.2446pt x 256.08334pt.
 [13

]
<images/test_structure.png, id=476, 1212.78094pt x 583.42969pt>
File: images/test_structure.png Graphic file (type png)
<use images/test_structure.png>
Package pdftex.def Info: images/test_structure.png  used on input line 189.
(pdftex.def)             Requested size: 433.34402pt x 208.4677pt.
File: images/Background.pdf Graphic file (type pdf)
<use images/Background.pdf>
Package pdftex.def Info: images/Background.pdf  used on input line 189.
(pdftex.def)             Requested size: 455.2446pt x 256.08334pt.
 [14

 <./images/test_structure.png>] (main.toc)
File: images/Background.pdf Graphic file (type pdf)
<use images/Background.pdf>
Package pdftex.def Info: images/Background.pdf  used on input line 190.
(pdftex.def)             Requested size: 455.2446pt x 256.08334pt.
 [15

]
File: images/Background.pdf Graphic file (type pdf)
<use images/Background.pdf>
Package pdftex.def Info: images/Background.pdf  used on input line 205.
(pdftex.def)             Requested size: 455.2446pt x 256.08334pt.
 [16

] (main.toc)
File: images/Background.pdf Graphic file (type pdf)
<use images/Background.pdf>
Package pdftex.def Info: images/Background.pdf  used on input line 206.
(pdftex.def)             Requested size: 455.2446pt x 256.08334pt.
 [17

]
File: images/Background.pdf Graphic file (type pdf)
<use images/Background.pdf>
Package pdftex.def Info: images/Background.pdf  used on input line 214.
(pdftex.def)             Requested size: 455.2446pt x 256.08334pt.
 [18

]
File: images/Background.pdf Graphic file (type pdf)
<use images/Background.pdf>
Package pdftex.def Info: images/Background.pdf  used on input line 233.
(pdftex.def)             Requested size: 455.2446pt x 256.08334pt.
 [19

] (main.toc)
File: images/Background.pdf Graphic file (type pdf)
<use images/Background.pdf>
Package pdftex.def Info: images/Background.pdf  used on input line 234.
(pdftex.def)             Requested size: 455.2446pt x 256.08334pt.
 [20

]
Overfull \vbox (12.52466pt too high) detected at line 273
 []

File: images/Background.pdf Graphic file (type pdf)
<use images/Background.pdf>
Package pdftex.def Info: images/Background.pdf  used on input line 273.
(pdftex.def)             Requested size: 455.2446pt x 256.08334pt.
[21

]
\tf@nav=\write9
\openout9 = `main.nav'.

\tf@toc=\write10
\openout10 = `main.toc'.

\tf@snm=\write11
\openout11 = `main.snm'.

 (main.aux)
 ***********
LaTeX2e <2025-11-01>
L3 programming layer <2025-12-24>
 ***********
Package rerunfilecheck Info: File `main.out' has not changed.
(rerunfilecheck)             Checksum: F94E7CF3953B827D610C974A0FCA8385;665.
Package logreq Info: Writing requests to 'main.run.xml'.
\openout1 = `main.run.xml'.

 ) 
Here is how much of TeX's memory you used:
 51419 strings out of 467871
 1109000 string characters out of 5432807
 1934109 words of memory out of 5000000
 79451 multiletter control sequences out of 15000+600000
 643192 words of font info for 76 fonts, out of 8000000 for 9000
 1141 hyphenation exceptions out of 8191
 128i,15n,123p,1933b,1110s stack positions out of 10000i,1000n,20000p,200000b,200000s
 <C:\Users\84766\AppData\Local\MiKTeX\fonts/pk/ljfour/jknappen/ec/dpi600\ecsi1095.pk> <C:\Users\84766\AppData\Local\MiKTeX\fonts/pk/ljfour/jknappen/ec/dpi600\ectt1000.pk> <C:\Users\84766\AppData\Local\MiKTeX\fonts/pk/ljfour/jknappen/ec/dpi600\ectt1095.pk> <C:\Users\84766\AppData\Local\MiKTeX\fonts/pk/ljfour/jknappen/ec/dpi600\ecsx1000.pk> <C:\Users\84766\AppData\Local\MiKTeX\fonts/pk/ljfour/jknappen/ec/dpi600\ecss1000.pk> <C:\Users\84766\AppData\Local\MiKTeX\fonts/pk/ljfour/jknappen/ec/dpi600\ecss1095.pk> <C:\Users\84766\AppData\Local\MiKTeX\fonts/pk/ljfour/jknappen/ec/dpi600\ecsx0600.pk> <C:\Users\84766\AppData\Local\MiKTeX\fonts/pk/ljfour/jknappen/ec/dpi600\ecsx1095.pk> <C:\Users\84766\AppData\Local\MiKTeX\fonts/pk/ljfour/jknappen/ec/dpi600\ecsx0800.pk> <C:\Users\84766\AppData\Local\MiKTeX\fonts/pk/ljfour/jknappen/ec/dpi600\ecss0800.pk> <C:\Users\84766\AppData\Local\MiKTeX\fonts/pk/ljfour/jknappen/ec/dpi600\ecsx1440.pk><D:/Cuong/Latex/fonts/type1/public/amsfonts/cm/cmsy10.pfb>
Output written on main.pdf (21 pages, 1508725 bytes).
PDF statistics:
 1218 PDF objects out of 1440 (max. 8388607)
 50 named destinations out of 1000 (max. 500000)
 273 words of extra memory for PDF output out of 10000 (max. 10000000)

